<?xml version="1.0" encoding="UTF-8"?>
<testng-results ignored="0" total="5" passed="5" failed="0" skipped="0">
  <reporter-output>
  </reporter-output>
  <suite started-at="2023-04-03T11:05:55 EDT" name="Default suite" finished-at="2023-04-03T11:06:11 EDT" duration-ms="15747">
    <groups>
      <group name="cucumber">
        <method signature="AbstractTestNGCucumberTests.runScenario(io.cucumber.testng.PickleWrapper,io.cucumber.testng.FeatureWrapper)[pri:0, instance:runner1.DsAlgoRunner@644baf4a]" name="runScenario" class="io.cucumber.testng.AbstractTestNGCucumberTests"/>
      </group> <!-- cucumber -->
    </groups>
    <test started-at="2023-04-03T11:05:55 EDT" name="Default test" finished-at="2023-04-03T11:06:11 EDT" duration-ms="15747">
      <class name="runner1.DsAlgoRunner">
        <test-method is-config="true" signature="setUpClass(org.testng.ITestContext)[pri:0, instance:runner1.DsAlgoRunner@644baf4a]" started-at="2023-04-03T11:05:55 EDT" name="setUpClass" finished-at="2023-04-03T11:05:55 EDT" duration-ms="501" status="PASS">
          <params>
            <param index="0">
              <value>
                <![CDATA[org.testng.TestRunner@701c223a]]>
              </value>
            </param>
          </params>
          <reporter-output>
          </reporter-output>
        </test-method> <!-- setUpClass -->
        <test-method signature="runScenario(io.cucumber.testng.PickleWrapper,io.cucumber.testng.FeatureWrapper)[pri:0, instance:runner1.DsAlgoRunner@644baf4a]" started-at="2023-04-03T11:05:55 EDT" name="runScenario" description="Runs Cucumber Scenarios" data-provider="scenarios" finished-at="2023-04-03T11:06:01 EDT" duration-ms="5058" status="PASS">
          <params>
            <param index="0">
              <value>
                <![CDATA["user try to click GetStart button without signingIn"]]>
              </value>
            </param>
            <param index="1">
              <value>
                <![CDATA["sign up page"]]>
              </value>
            </param>
          </params>
          <reporter-output>
          </reporter-output>
        </test-method> <!-- runScenario -->
        <test-method signature="runScenario(io.cucumber.testng.PickleWrapper,io.cucumber.testng.FeatureWrapper)[pri:0, instance:runner1.DsAlgoRunner@644baf4a]" started-at="2023-04-03T11:06:01 EDT" name="runScenario" description="Runs Cucumber Scenarios" data-provider="scenarios" finished-at="2023-04-03T11:06:02 EDT" duration-ms="1684" status="PASS">
          <params>
            <param index="0">
              <value>
                <![CDATA["Register for new user with invalid data"]]>
              </value>
            </param>
            <param index="1">
              <value>
                <![CDATA["sign up page"]]>
              </value>
            </param>
          </params>
          <reporter-output>
          </reporter-output>
        </test-method> <!-- runScenario -->
        <test-method signature="runScenario(io.cucumber.testng.PickleWrapper,io.cucumber.testng.FeatureWrapper)[pri:0, instance:runner1.DsAlgoRunner@644baf4a]" started-at="2023-04-03T11:06:02 EDT" name="runScenario" description="Runs Cucumber Scenarios" data-provider="scenarios" finished-at="2023-04-03T11:06:04 EDT" duration-ms="1687" status="PASS">
          <params>
            <param index="0">
              <value>
                <![CDATA["Register for new user with invalid data"]]>
              </value>
            </param>
            <param index="1">
              <value>
                <![CDATA["sign up page"]]>
              </value>
            </param>
          </params>
          <reporter-output>
          </reporter-output>
        </test-method> <!-- runScenario -->
        <test-method signature="runScenario(io.cucumber.testng.PickleWrapper,io.cucumber.testng.FeatureWrapper)[pri:0, instance:runner1.DsAlgoRunner@644baf4a]" started-at="2023-04-03T11:06:04 EDT" name="runScenario" description="Runs Cucumber Scenarios" data-provider="scenarios" finished-at="2023-04-03T11:06:06 EDT" duration-ms="2178" status="PASS">
          <params>
            <param index="0">
              <value>
                <![CDATA["Register for new user with invalid data"]]>
              </value>
            </param>
            <param index="1">
              <value>
                <![CDATA["sign up page"]]>
              </value>
            </param>
          </params>
          <reporter-output>
          </reporter-output>
        </test-method> <!-- runScenario -->
        <test-method signature="runScenario(io.cucumber.testng.PickleWrapper,io.cucumber.testng.FeatureWrapper)[pri:0, instance:runner1.DsAlgoRunner@644baf4a]" started-at="2023-04-03T11:06:06 EDT" name="runScenario" description="Runs Cucumber Scenarios" data-provider="scenarios" finished-at="2023-04-03T11:06:11 EDT" duration-ms="4584" status="PASS">
          <params>
            <param index="0">
              <value>
                <![CDATA["Register for new user"]]>
              </value>
            </param>
            <param index="1">
              <value>
                <![CDATA["sign up page"]]>
              </value>
            </param>
          </params>
          <reporter-output>
          </reporter-output>
        </test-method> <!-- runScenario -->
        <test-method is-config="true" signature="tearDownClass()[pri:0, instance:runner1.DsAlgoRunner@644baf4a]" started-at="2023-04-03T11:06:11 EDT" name="tearDownClass" finished-at="2023-04-03T11:06:11 EDT" duration-ms="28" status="PASS">
          <reporter-output>
          </reporter-output>
        </test-method> <!-- tearDownClass -->
      </class> <!-- runner1.DsAlgoRunner -->
    </test> <!-- Default test -->
  </suite> <!-- Default suite -->
</testng-results>
